<?xml version="1.0" encoding="UTF-8"?>
<!-- Generated by org.testng.reporters.JUnitXMLReporter -->
<testsuite ignored="0" hostname="LAPTOP-7LUGIJ5I" failures="0" tests="6" name="SampleTest" time="0.051" errors="0" timestamp="31 Mar 2025 10:11:39 GMT">
  <testcase classname="com.app.testng.TestSample1" name="login" time="0.013"/>
  <testcase classname="com.app.testng.TestSample1" name="pass" time="0.001"/>
  <testcase classname="com.app.testng.TestSample1" name="user" time="0.001"/>
  <testcase classname="com.app.testng.TestSample2" name="test1" time="0.002"/>
  <testcase classname="com.app.testng.TestSample2" name="test2" time="0.002"/>
  <testcase classname="com.app.testng.TestSample2" name="test3" time="0.001"/>
</testsuite> <!-- SampleTest -->
