<?xml version="1.0" encoding="UTF-8"?>
<!-- Generated by org.testng.reporters.JUnitXMLReporter -->
<testsuite ignored="2" hostname="LAPTOP-7LUGIJ5I" failures="0" tests="1" name="Test" time="0.047" errors="0" timestamp="31 Mar 2025 11:19:35 GMT">
  <testcase classname="com.app.testng.Exclude" name="pass" time="0.021"/>
  <testcase classname="com.app.testng.Exclude" name="user" time="0.0">
    <ignored/>
  </testcase> <!-- user -->
  <testcase classname="com.app.testng.Exclude" name="login" time="0.0">
    <ignored/>
  </testcase> <!-- login -->
</testsuite> <!-- Test -->
