<?xml version="1.0" encoding="UTF-8"?>
<testng-results ignored="0" total="2" passed="2" failed="0" skipped="0">
  <reporter-output>
  </reporter-output>
  <suite started-at="2025-04-09T01:34:22Z" name="Default suite" finished-at="2025-04-09T01:34:48Z" duration-ms="25974">
    <groups>
    </groups>
    <test started-at="2025-04-09T01:34:22Z" name="Default test" finished-at="2025-04-09T01:34:48Z" duration-ms="25974">
      <class name="com.app.testng.DpTest">
        <test-method signature="TestLogin(java.lang.String, java.lang.String)[pri:0, instance:com.app.testng.DpTest@6be968ce]" started-at="2025-04-09T07:04:22Z" name="TestLogin" data-provider="loginData" finished-at="2025-04-09T07:04:35Z" duration-ms="13360" status="PASS">
          <params>
            <param index="0">
              <value>
                <![CDATA[MageswariRavi]]>
              </value>
            </param>
            <param index="1">
              <value>
                <![CDATA[KL04ZK]]>
              </value>
            </param>
          </params>
          <reporter-output>
          </reporter-output>
        </test-method> <!-- TestLogin -->
        <test-method signature="TestLogin(java.lang.String, java.lang.String)[pri:0, instance:com.app.testng.DpTest@6be968ce]" started-at="2025-04-09T07:04:35Z" name="TestLogin" data-provider="loginData" finished-at="2025-04-09T07:04:48Z" duration-ms="12101" status="PASS">
          <params>
            <param index="0">
              <value>
                <![CDATA[AiiTE]]>
              </value>
            </param>
            <param index="1">
              <value>
                <![CDATA[Welcome]]>
              </value>
            </param>
          </params>
          <reporter-output>
          </reporter-output>
        </test-method> <!-- TestLogin -->
      </class> <!-- com.app.testng.DpTest -->
    </test> <!-- Default test -->
  </suite> <!-- Default suite -->
</testng-results>
